<?xml version="1.0" encoding="UTF-8"?>
<testsuite xmlns:xsi="http://www.w3.org/2001/XMLSchema-instance" xsi:noNamespaceSchemaLocation="https://maven.apache.org/surefire/maven-surefire-plugin/xsd/surefire-test-report-3.0.xsd" version="3.0" name="com.epf.dao.PlanteDAOTest" time="0.032" tests="4" errors="0" skipped="0" failures="0">
  <properties>
    <property name="java.specification.version" value="21"/>
    <property name="sun.cpu.isalist" value="amd64"/>
    <property name="sun.jnu.encoding" value="Cp1252"/>
    <property name="java.class.path" value="C:\Users\elora\Documents\4A\projet_pvz\target\test-classes;C:\Users\elora\Documents\4A\projet_pvz\target\classes;C:\Users\elora\.m2\repository\org\springframework\spring-webmvc\6.2.2\spring-webmvc-6.2.2.jar;C:\Users\elora\.m2\repository\org\springframework\spring-aop\6.2.2\spring-aop-6.2.2.jar;C:\Users\elora\.m2\repository\org\springframework\spring-beans\6.2.2\spring-beans-6.2.2.jar;C:\Users\elora\.m2\repository\org\springframework\spring-context\6.2.2\spring-context-6.2.2.jar;C:\Users\elora\.m2\repository\io\micrometer\micrometer-observation\1.14.3\micrometer-observation-1.14.3.jar;C:\Users\elora\.m2\repository\io\micrometer\micrometer-commons\1.14.3\micrometer-commons-1.14.3.jar;C:\Users\elora\.m2\repository\org\springframework\spring-core\6.2.2\spring-core-6.2.2.jar;C:\Users\elora\.m2\repository\org\springframework\spring-jcl\6.2.2\spring-jcl-6.2.2.jar;C:\Users\elora\.m2\repository\org\springframework\spring-expression\6.2.2\spring-expression-6.2.2.jar;C:\Users\elora\.m2\repository\org\springframework\spring-web\6.2.2\spring-web-6.2.2.jar;C:\Users\elora\.m2\repository\org\springframework\spring-jdbc\6.1.13\spring-jdbc-6.1.13.jar;C:\Users\elora\.m2\repository\org\springframework\spring-tx\6.1.13\spring-tx-6.1.13.jar;C:\Users\elora\.m2\repository\com\mysql\mysql-connector-j\8.0.33\mysql-connector-j-8.0.33.jar;C:\Users\elora\.m2\repository\com\google\protobuf\protobuf-java\3.21.9\protobuf-java-3.21.9.jar;C:\Users\elora\.m2\repository\com\fasterxml\jackson\core\jackson-databind\2.18.2\jackson-databind-2.18.2.jar;C:\Users\elora\.m2\repository\com\fasterxml\jackson\core\jackson-annotations\2.18.2\jackson-annotations-2.18.2.jar;C:\Users\elora\.m2\repository\com\fasterxml\jackson\core\jackson-core\2.18.2\jackson-core-2.18.2.jar;C:\Users\elora\.m2\repository\jakarta\servlet\jakarta.servlet-api\6.1.0\jakarta.servlet-api-6.1.0.jar;C:\Users\elora\.m2\repository\ch\qos\logback\logback-classic\1.5.16\logback-classic-1.5.16.jar;C:\Users\elora\.m2\repository\ch\qos\logback\logback-core\1.5.16\logback-core-1.5.16.jar;C:\Users\elora\.m2\repository\org\slf4j\slf4j-api\2.0.16\slf4j-api-2.0.16.jar;C:\Users\elora\.m2\repository\org\junit\jupiter\junit-jupiter-api\5.10.3\junit-jupiter-api-5.10.3.jar;C:\Users\elora\.m2\repository\org\opentest4j\opentest4j\1.3.0\opentest4j-1.3.0.jar;C:\Users\elora\.m2\repository\org\junit\platform\junit-platform-commons\1.10.3\junit-platform-commons-1.10.3.jar;C:\Users\elora\.m2\repository\org\apiguardian\apiguardian-api\1.1.2\apiguardian-api-1.1.2.jar;C:\Users\elora\.m2\repository\org\junit\jupiter\junit-jupiter-engine\5.10.3\junit-jupiter-engine-5.10.3.jar;C:\Users\elora\.m2\repository\org\junit\platform\junit-platform-engine\1.10.3\junit-platform-engine-1.10.3.jar;C:\Users\elora\.m2\repository\com\h2database\h2\2.2.224\h2-2.2.224.jar;C:\Users\elora\.m2\repository\org\mockito\mockito-core\5.11.0\mockito-core-5.11.0.jar;C:\Users\elora\.m2\repository\net\bytebuddy\byte-buddy\1.14.12\byte-buddy-1.14.12.jar;C:\Users\elora\.m2\repository\net\bytebuddy\byte-buddy-agent\1.14.12\byte-buddy-agent-1.14.12.jar;C:\Users\elora\.m2\repository\org\objenesis\objenesis\3.3\objenesis-3.3.jar;"/>
    <property name="java.vm.vendor" value="Oracle Corporation"/>
    <property name="sun.arch.data.model" value="64"/>
    <property name="user.variant" value=""/>
    <property name="java.vendor.url" value="https://java.oracle.com/"/>
    <property name="user.timezone" value="Europe/Paris"/>
    <property name="os.name" value="Windows 11"/>
    <property name="java.vm.specification.version" value="21"/>
    <property name="sun.java.launcher" value="SUN_STANDARD"/>
    <property name="user.country" value="FR"/>
    <property name="sun.boot.library.path" value="C:\Users\elora\.jdks\graalvm-jdk-21.0.6\bin"/>
    <property name="sun.java.command" value="C:\Users\elora\AppData\Local\Temp\surefire17996599908555851643\surefirebooter-20250426192847181_3.jar C:\Users\elora\AppData\Local\Temp\surefire17996599908555851643 2025-04-26T19-28-47_071-jvmRun1 surefire-20250426192847181_1tmp surefire_0-20250426192847181_2tmp"/>
    <property name="jdk.debug" value="release"/>
    <property name="surefire.test.class.path" value="C:\Users\elora\Documents\4A\projet_pvz\target\test-classes;C:\Users\elora\Documents\4A\projet_pvz\target\classes;C:\Users\elora\.m2\repository\org\springframework\spring-webmvc\6.2.2\spring-webmvc-6.2.2.jar;C:\Users\elora\.m2\repository\org\springframework\spring-aop\6.2.2\spring-aop-6.2.2.jar;C:\Users\elora\.m2\repository\org\springframework\spring-beans\6.2.2\spring-beans-6.2.2.jar;C:\Users\elora\.m2\repository\org\springframework\spring-context\6.2.2\spring-context-6.2.2.jar;C:\Users\elora\.m2\repository\io\micrometer\micrometer-observation\1.14.3\micrometer-observation-1.14.3.jar;C:\Users\elora\.m2\repository\io\micrometer\micrometer-commons\1.14.3\micrometer-commons-1.14.3.jar;C:\Users\elora\.m2\repository\org\springframework\spring-core\6.2.2\spring-core-6.2.2.jar;C:\Users\elora\.m2\repository\org\springframework\spring-jcl\6.2.2\spring-jcl-6.2.2.jar;C:\Users\elora\.m2\repository\org\springframework\spring-expression\6.2.2\spring-expression-6.2.2.jar;C:\Users\elora\.m2\repository\org\springframework\spring-web\6.2.2\spring-web-6.2.2.jar;C:\Users\elora\.m2\repository\org\springframework\spring-jdbc\6.1.13\spring-jdbc-6.1.13.jar;C:\Users\elora\.m2\repository\org\springframework\spring-tx\6.1.13\spring-tx-6.1.13.jar;C:\Users\elora\.m2\repository\com\mysql\mysql-connector-j\8.0.33\mysql-connector-j-8.0.33.jar;C:\Users\elora\.m2\repository\com\google\protobuf\protobuf-java\3.21.9\protobuf-java-3.21.9.jar;C:\Users\elora\.m2\repository\com\fasterxml\jackson\core\jackson-databind\2.18.2\jackson-databind-2.18.2.jar;C:\Users\elora\.m2\repository\com\fasterxml\jackson\core\jackson-annotations\2.18.2\jackson-annotations-2.18.2.jar;C:\Users\elora\.m2\repository\com\fasterxml\jackson\core\jackson-core\2.18.2\jackson-core-2.18.2.jar;C:\Users\elora\.m2\repository\jakarta\servlet\jakarta.servlet-api\6.1.0\jakarta.servlet-api-6.1.0.jar;C:\Users\elora\.m2\repository\ch\qos\logback\logback-classic\1.5.16\logback-classic-1.5.16.jar;C:\Users\elora\.m2\repository\ch\qos\logback\logback-core\1.5.16\logback-core-1.5.16.jar;C:\Users\elora\.m2\repository\org\slf4j\slf4j-api\2.0.16\slf4j-api-2.0.16.jar;C:\Users\elora\.m2\repository\org\junit\jupiter\junit-jupiter-api\5.10.3\junit-jupiter-api-5.10.3.jar;C:\Users\elora\.m2\repository\org\opentest4j\opentest4j\1.3.0\opentest4j-1.3.0.jar;C:\Users\elora\.m2\repository\org\junit\platform\junit-platform-commons\1.10.3\junit-platform-commons-1.10.3.jar;C:\Users\elora\.m2\repository\org\apiguardian\apiguardian-api\1.1.2\apiguardian-api-1.1.2.jar;C:\Users\elora\.m2\repository\org\junit\jupiter\junit-jupiter-engine\5.10.3\junit-jupiter-engine-5.10.3.jar;C:\Users\elora\.m2\repository\org\junit\platform\junit-platform-engine\1.10.3\junit-platform-engine-1.10.3.jar;C:\Users\elora\.m2\repository\com\h2database\h2\2.2.224\h2-2.2.224.jar;C:\Users\elora\.m2\repository\org\mockito\mockito-core\5.11.0\mockito-core-5.11.0.jar;C:\Users\elora\.m2\repository\net\bytebuddy\byte-buddy\1.14.12\byte-buddy-1.14.12.jar;C:\Users\elora\.m2\repository\net\bytebuddy\byte-buddy-agent\1.14.12\byte-buddy-agent-1.14.12.jar;C:\Users\elora\.m2\repository\org\objenesis\objenesis\3.3\objenesis-3.3.jar;"/>
    <property name="sun.cpu.endian" value="little"/>
    <property name="user.home" value="C:\Users\elora"/>
    <property name="user.language" value="fr"/>
    <property name="java.specification.vendor" value="Oracle Corporation"/>
    <property name="java.version.date" value="2025-01-21"/>
    <property name="java.home" value="C:\Users\elora\.jdks\graalvm-jdk-21.0.6"/>
    <property name="file.separator" value="\"/>
    <property name="basedir" value="C:\Users\elora\Documents\4A\projet_pvz"/>
    <property name="java.vm.compressedOopsMode" value="Zero based"/>
    <property name="jdk.internal.vm.ci.enabled" value="true"/>
    <property name="line.separator" value="&#10;"/>
    <property name="java.vm.specification.vendor" value="Oracle Corporation"/>
    <property name="java.specification.name" value="Java Platform API Specification"/>
    <property name="surefire.real.class.path" value="C:\Users\elora\AppData\Local\Temp\surefire17996599908555851643\surefirebooter-20250426192847181_3.jar"/>
    <property name="user.script" value=""/>
    <property name="sun.management.compiler" value="HotSpot 64-Bit Tiered Compilers"/>
    <property name="java.runtime.version" value="21.0.6+8-LTS-jvmci-23.1-b55"/>
    <property name="user.name" value="elora"/>
    <property name="stdout.encoding" value="Cp1252"/>
    <property name="path.separator" value=";"/>
    <property name="os.version" value="10.0"/>
    <property name="java.runtime.name" value="Java(TM) SE Runtime Environment"/>
    <property name="file.encoding" value="UTF-8"/>
    <property name="java.vm.name" value="Java HotSpot(TM) 64-Bit Server VM"/>
    <property name="java.vendor.version" value="Oracle GraalVM 21.0.6+8.1"/>
    <property name="localRepository" value="C:\Users\elora\.m2\repository"/>
    <property name="java.vendor.url.bug" value="https://bugreport.java.com/bugreport/"/>
    <property name="java.io.tmpdir" value="C:\Users\elora\AppData\Local\Temp\"/>
    <property name="idea.version" value="2024.3.2.1"/>
    <property name="java.version" value="21.0.6"/>
    <property name="user.dir" value="C:\Users\elora\Documents\4A\projet_pvz"/>
    <property name="os.arch" value="amd64"/>
    <property name="java.vm.specification.name" value="Java Virtual Machine Specification"/>
    <property name="sun.os.patch.level" value=""/>
    <property name="native.encoding" value="Cp1252"/>
    <property name="java.library.path" value="C:\Users\elora\.jdks\graalvm-jdk-21.0.6\bin;C:\Windows\Sun\Java\bin;C:\Windows\system32;C:\Windows;C:\Program Files\Common Files\Oracle\Java\javapath;C:\Windows\system32;C:\Windows;C:\Windows\System32\Wbem;C:\Windows\System32\WindowsPowerShell\v1.0\;C:\Windows\System32\OpenSSH\;C:\Program Files\dotnet\;C:\Program Files\MATLAB\R2023a\bin;C:\Program Files\MATLAB\R2022b\bin;C:\Program Files\Git\cmd;&quot;C:\Program Files\Apache\maven\apache-maven-3.9.9-bin\apache-maven-3.9.9&quot;\bin;C:\Program Files\Go\bin;C:\Program Files\nodejs\;C:\ProgramData\chocolatey\bin;C:\Program Files\Docker\Docker\resources\bin;c:\Program Files\Java\jdk-21\bin;C:\Program Files\Apache\tomcat\bin;C:\Users\elora\scoop\apps\openssl\current\bin;C:\Users\elora\scoop\apps\composer\current\home\vendor\bin;C:\Users\elora\scoop\shims;C:\Users\elora\AppData\Local\Microsoft\WindowsApps;C:\Users\elora\AppData\Local\Programs\Microsoft VS Code\bin;C:\Program Files\JetBrains\IntelliJ IDEA Community Edition 2024.3.2.1\bin;;C:\Program Files\MySQL\MySQL Server 8.0\bin;&quot;C:\Program Files\Apache\maven\apache-maven-3.9.9-bin\apache-maven-3.9.9&quot;\bin;C:\Program Files\Apache\tomcat\bin;C:\Users\elora\go\bin;C:\Users\elora\AppData\Local\Microsoft\WinGet\Packages\Schniz.fnm_Microsoft.Winget.Source_8wekyb3d8bbwe;C:\Users\elora\AppData\Roaming\npm;."/>
    <property name="java.vm.info" value="mixed mode, sharing"/>
    <property name="stderr.encoding" value="Cp1252"/>
    <property name="java.vendor" value="Oracle Corporation"/>
    <property name="java.vm.version" value="21.0.6+8-LTS-jvmci-23.1-b55"/>
    <property name="sun.io.unicode.encoding" value="UnicodeLittle"/>
    <property name="java.class.version" value="65.0"/>
  </properties>
  <testcase name="testFindAll" classname="com.epf.dao.PlanteDAOTest" time="0.016">
    <system-out><![CDATA[19:28:49.590 [main] DEBUG org.springframework.jdbc.datasource.DriverManagerDataSource -- Loaded JDBC driver: org.h2.Driver
19:28:49.590 [main] DEBUG org.springframework.jdbc.core.JdbcTemplate -- Executing SQL statement [DROP TABLE IF EXISTS plante]
19:28:49.590 [main] DEBUG org.springframework.jdbc.datasource.DataSourceUtils -- Fetching JDBC Connection from DataSource
19:28:49.590 [main] DEBUG org.springframework.jdbc.datasource.DriverManagerDataSource -- Creating new JDBC DriverManager Connection to [jdbc:h2:mem:testdb;DB_CLOSE_DELAY=-1]
19:28:49.590 [main] DEBUG org.springframework.jdbc.core.JdbcTemplate -- Executing SQL statement [CREATE TABLE plante (id_plante INT AUTO_INCREMENT PRIMARY KEY, nom VARCHAR(255), point_de_vie INT, attaque_par_seconde DOUBLE, degat_attaque INT, cout DOUBLE, soleil_par_seconde DOUBLE, effet VARCHAR(255), chemin_image VARCHAR(255))]
19:28:49.590 [main] DEBUG org.springframework.jdbc.datasource.DataSourceUtils -- Fetching JDBC Connection from DataSource
19:28:49.590 [main] DEBUG org.springframework.jdbc.datasource.DriverManagerDataSource -- Creating new JDBC DriverManager Connection to [jdbc:h2:mem:testdb;DB_CLOSE_DELAY=-1]
19:28:49.606 [main] DEBUG org.springframework.jdbc.core.JdbcTemplate -- Executing SQL update and returning generated keys
19:28:49.606 [main] DEBUG org.springframework.jdbc.core.JdbcTemplate -- Executing prepared SQL statement
19:28:49.606 [main] DEBUG org.springframework.jdbc.datasource.DataSourceUtils -- Fetching JDBC Connection from DataSource
19:28:49.606 [main] DEBUG org.springframework.jdbc.datasource.DriverManagerDataSource -- Creating new JDBC DriverManager Connection to [jdbc:h2:mem:testdb;DB_CLOSE_DELAY=-1]
19:28:49.606 [main] DEBUG org.springframework.jdbc.core.JdbcTemplate -- Executing SQL update and returning generated keys
19:28:49.606 [main] DEBUG org.springframework.jdbc.core.JdbcTemplate -- Executing prepared SQL statement
19:28:49.606 [main] DEBUG org.springframework.jdbc.datasource.DataSourceUtils -- Fetching JDBC Connection from DataSource
19:28:49.606 [main] DEBUG org.springframework.jdbc.datasource.DriverManagerDataSource -- Creating new JDBC DriverManager Connection to [jdbc:h2:mem:testdb;DB_CLOSE_DELAY=-1]
19:28:49.606 [main] DEBUG org.springframework.jdbc.core.JdbcTemplate -- Executing SQL query [SELECT * FROM plante]
19:28:49.606 [main] DEBUG org.springframework.jdbc.datasource.DataSourceUtils -- Fetching JDBC Connection from DataSource
19:28:49.606 [main] DEBUG org.springframework.jdbc.datasource.DriverManagerDataSource -- Creating new JDBC DriverManager Connection to [jdbc:h2:mem:testdb;DB_CLOSE_DELAY=-1]
]]></system-out>
  </testcase>
  <testcase name="testDelete" classname="com.epf.dao.PlanteDAOTest" time="0.008">
    <system-out><![CDATA[19:28:49.606 [main] DEBUG org.springframework.jdbc.datasource.DriverManagerDataSource -- Loaded JDBC driver: org.h2.Driver
19:28:49.606 [main] DEBUG org.springframework.jdbc.core.JdbcTemplate -- Executing SQL statement [DROP TABLE IF EXISTS plante]
19:28:49.606 [main] DEBUG org.springframework.jdbc.datasource.DataSourceUtils -- Fetching JDBC Connection from DataSource
19:28:49.606 [main] DEBUG org.springframework.jdbc.datasource.DriverManagerDataSource -- Creating new JDBC DriverManager Connection to [jdbc:h2:mem:testdb;DB_CLOSE_DELAY=-1]
19:28:49.606 [main] DEBUG org.springframework.jdbc.core.JdbcTemplate -- Executing SQL statement [CREATE TABLE plante (id_plante INT AUTO_INCREMENT PRIMARY KEY, nom VARCHAR(255), point_de_vie INT, attaque_par_seconde DOUBLE, degat_attaque INT, cout DOUBLE, soleil_par_seconde DOUBLE, effet VARCHAR(255), chemin_image VARCHAR(255))]
19:28:49.606 [main] DEBUG org.springframework.jdbc.datasource.DataSourceUtils -- Fetching JDBC Connection from DataSource
19:28:49.606 [main] DEBUG org.springframework.jdbc.datasource.DriverManagerDataSource -- Creating new JDBC DriverManager Connection to [jdbc:h2:mem:testdb;DB_CLOSE_DELAY=-1]
19:28:49.614 [main] DEBUG org.springframework.jdbc.core.JdbcTemplate -- Executing SQL update and returning generated keys
19:28:49.614 [main] DEBUG org.springframework.jdbc.core.JdbcTemplate -- Executing prepared SQL statement
19:28:49.614 [main] DEBUG org.springframework.jdbc.datasource.DataSourceUtils -- Fetching JDBC Connection from DataSource
19:28:49.614 [main] DEBUG org.springframework.jdbc.datasource.DriverManagerDataSource -- Creating new JDBC DriverManager Connection to [jdbc:h2:mem:testdb;DB_CLOSE_DELAY=-1]
19:28:49.614 [main] DEBUG org.springframework.jdbc.core.JdbcTemplate -- Executing SQL query [SELECT * FROM plante]
19:28:49.614 [main] DEBUG org.springframework.jdbc.datasource.DataSourceUtils -- Fetching JDBC Connection from DataSource
19:28:49.614 [main] DEBUG org.springframework.jdbc.datasource.DriverManagerDataSource -- Creating new JDBC DriverManager Connection to [jdbc:h2:mem:testdb;DB_CLOSE_DELAY=-1]
19:28:49.614 [main] DEBUG org.springframework.jdbc.core.JdbcTemplate -- Executing prepared SQL update
19:28:49.614 [main] DEBUG org.springframework.jdbc.core.JdbcTemplate -- Executing prepared SQL statement [DELETE FROM plante WHERE id_plante = ?]
19:28:49.614 [main] DEBUG org.springframework.jdbc.datasource.DataSourceUtils -- Fetching JDBC Connection from DataSource
19:28:49.614 [main] DEBUG org.springframework.jdbc.datasource.DriverManagerDataSource -- Creating new JDBC DriverManager Connection to [jdbc:h2:mem:testdb;DB_CLOSE_DELAY=-1]
19:28:49.614 [main] DEBUG org.springframework.jdbc.core.JdbcTemplate -- Executing SQL query [SELECT * FROM plante]
19:28:49.614 [main] DEBUG org.springframework.jdbc.datasource.DataSourceUtils -- Fetching JDBC Connection from DataSource
19:28:49.614 [main] DEBUG org.springframework.jdbc.datasource.DriverManagerDataSource -- Creating new JDBC DriverManager Connection to [jdbc:h2:mem:testdb;DB_CLOSE_DELAY=-1]
]]></system-out>
  </testcase>
  <testcase name="testUpdate" classname="com.epf.dao.PlanteDAOTest" time="0.008">
    <system-out><![CDATA[19:28:49.620 [main] DEBUG org.springframework.jdbc.datasource.DriverManagerDataSource -- Loaded JDBC driver: org.h2.Driver
19:28:49.620 [main] DEBUG org.springframework.jdbc.core.JdbcTemplate -- Executing SQL statement [DROP TABLE IF EXISTS plante]
19:28:49.620 [main] DEBUG org.springframework.jdbc.datasource.DataSourceUtils -- Fetching JDBC Connection from DataSource
19:28:49.620 [main] DEBUG org.springframework.jdbc.datasource.DriverManagerDataSource -- Creating new JDBC DriverManager Connection to [jdbc:h2:mem:testdb;DB_CLOSE_DELAY=-1]
19:28:49.620 [main] DEBUG org.springframework.jdbc.core.JdbcTemplate -- Executing SQL statement [CREATE TABLE plante (id_plante INT AUTO_INCREMENT PRIMARY KEY, nom VARCHAR(255), point_de_vie INT, attaque_par_seconde DOUBLE, degat_attaque INT, cout DOUBLE, soleil_par_seconde DOUBLE, effet VARCHAR(255), chemin_image VARCHAR(255))]
19:28:49.620 [main] DEBUG org.springframework.jdbc.datasource.DataSourceUtils -- Fetching JDBC Connection from DataSource
19:28:49.622 [main] DEBUG org.springframework.jdbc.datasource.DriverManagerDataSource -- Creating new JDBC DriverManager Connection to [jdbc:h2:mem:testdb;DB_CLOSE_DELAY=-1]
19:28:49.622 [main] DEBUG org.springframework.jdbc.core.JdbcTemplate -- Executing SQL update and returning generated keys
19:28:49.622 [main] DEBUG org.springframework.jdbc.core.JdbcTemplate -- Executing prepared SQL statement
19:28:49.622 [main] DEBUG org.springframework.jdbc.datasource.DataSourceUtils -- Fetching JDBC Connection from DataSource
19:28:49.622 [main] DEBUG org.springframework.jdbc.datasource.DriverManagerDataSource -- Creating new JDBC DriverManager Connection to [jdbc:h2:mem:testdb;DB_CLOSE_DELAY=-1]
19:28:49.622 [main] DEBUG org.springframework.jdbc.core.JdbcTemplate -- Executing prepared SQL update
19:28:49.622 [main] DEBUG org.springframework.jdbc.core.JdbcTemplate -- Executing prepared SQL statement [UPDATE plante SET nom = ?, point_de_vie = ?, attaque_par_seconde = ?, degat_attaque = ?, cout = ?, soleil_par_seconde = ?, effet = ?, chemin_image = ? WHERE id_plante = ?]
19:28:49.622 [main] DEBUG org.springframework.jdbc.datasource.DataSourceUtils -- Fetching JDBC Connection from DataSource
19:28:49.622 [main] DEBUG org.springframework.jdbc.datasource.DriverManagerDataSource -- Creating new JDBC DriverManager Connection to [jdbc:h2:mem:testdb;DB_CLOSE_DELAY=-1]
19:28:49.622 [main] DEBUG org.springframework.jdbc.core.JdbcTemplate -- Executing prepared SQL query
19:28:49.622 [main] DEBUG org.springframework.jdbc.core.JdbcTemplate -- Executing prepared SQL statement [SELECT * FROM plante WHERE id_plante = ?]
19:28:49.622 [main] DEBUG org.springframework.jdbc.datasource.DataSourceUtils -- Fetching JDBC Connection from DataSource
19:28:49.622 [main] DEBUG org.springframework.jdbc.datasource.DriverManagerDataSource -- Creating new JDBC DriverManager Connection to [jdbc:h2:mem:testdb;DB_CLOSE_DELAY=-1]
]]></system-out>
  </testcase>
  <testcase name="testSaveAndFindById" classname="com.epf.dao.PlanteDAOTest" time="0.0">
    <system-out><![CDATA[19:28:49.622 [main] DEBUG org.springframework.jdbc.datasource.DriverManagerDataSource -- Loaded JDBC driver: org.h2.Driver
19:28:49.622 [main] DEBUG org.springframework.jdbc.core.JdbcTemplate -- Executing SQL statement [DROP TABLE IF EXISTS plante]
19:28:49.622 [main] DEBUG org.springframework.jdbc.datasource.DataSourceUtils -- Fetching JDBC Connection from DataSource
19:28:49.622 [main] DEBUG org.springframework.jdbc.datasource.DriverManagerDataSource -- Creating new JDBC DriverManager Connection to [jdbc:h2:mem:testdb;DB_CLOSE_DELAY=-1]
19:28:49.622 [main] DEBUG org.springframework.jdbc.core.JdbcTemplate -- Executing SQL statement [CREATE TABLE plante (id_plante INT AUTO_INCREMENT PRIMARY KEY, nom VARCHAR(255), point_de_vie INT, attaque_par_seconde DOUBLE, degat_attaque INT, cout DOUBLE, soleil_par_seconde DOUBLE, effet VARCHAR(255), chemin_image VARCHAR(255))]
19:28:49.622 [main] DEBUG org.springframework.jdbc.datasource.DataSourceUtils -- Fetching JDBC Connection from DataSource
19:28:49.622 [main] DEBUG org.springframework.jdbc.datasource.DriverManagerDataSource -- Creating new JDBC DriverManager Connection to [jdbc:h2:mem:testdb;DB_CLOSE_DELAY=-1]
19:28:49.622 [main] DEBUG org.springframework.jdbc.core.JdbcTemplate -- Executing SQL update and returning generated keys
19:28:49.622 [main] DEBUG org.springframework.jdbc.core.JdbcTemplate -- Executing prepared SQL statement
19:28:49.622 [main] DEBUG org.springframework.jdbc.datasource.DataSourceUtils -- Fetching JDBC Connection from DataSource
19:28:49.622 [main] DEBUG org.springframework.jdbc.datasource.DriverManagerDataSource -- Creating new JDBC DriverManager Connection to [jdbc:h2:mem:testdb;DB_CLOSE_DELAY=-1]
19:28:49.622 [main] DEBUG org.springframework.jdbc.core.JdbcTemplate -- Executing prepared SQL query
19:28:49.622 [main] DEBUG org.springframework.jdbc.core.JdbcTemplate -- Executing prepared SQL statement [SELECT * FROM plante WHERE id_plante = ?]
19:28:49.622 [main] DEBUG org.springframework.jdbc.datasource.DataSourceUtils -- Fetching JDBC Connection from DataSource
19:28:49.622 [main] DEBUG org.springframework.jdbc.datasource.DriverManagerDataSource -- Creating new JDBC DriverManager Connection to [jdbc:h2:mem:testdb;DB_CLOSE_DELAY=-1]
]]></system-out>
  </testcase>
</testsuite>